{
  "0 debug pnpm:scope": {
    "selected": 1
  },
  "1 error pnpm": {
    "code": "ELIFECYCLE",
    "errno": "ENOENT",
    "syscall": "spawn",
    "file": "sh",
    "pkgid": "sudoku-svelte@0.0.1",
    "stage": "dev",
    "script": "svelte-kit dev --host 0.0.0.0 --port 3001",
    "pkgname": "sudoku-svelte",
    "err": {
      "name": "pnpm",
      "message": "sudoku-svelte@0.0.1 dev: `svelte-kit dev --host 0.0.0.0 --port 3001`\nspawn ENOENT",
      "code": "ELIFECYCLE",
      "stack": "pnpm: sudoku-svelte@0.0.1 dev: `svelte-kit dev --host 0.0.0.0 --port 3001`\nspawn ENOENT\n    at ChildProcess.<anonymous> (/home/lettucebowler/.local/share/pnpm/global/5/.pnpm/pnpm@7.1.0/node_modules/pnpm/dist/pnpm.cjs:93448:22)\n    at ChildProcess.emit (node:events:527:28)\n    at maybeClose (node:internal/child_process:1090:16)\n    at ChildProcess._handle.onexit (node:internal/child_process:302:5)"
    }
  },
  "2 warn pnpm:global": " Local package.json exists, but node_modules missing, did you mean to install?"
}